[
  {
    "Plan": {
      "Node Type": "Merge Join",
      "Parallel Aware": false,
      "Async Capable": false,
      "Join Type": "Inner",
      "Startup Cost": 52002.65,
      "Total Cost": 88089.04,
      "Plan Rows": 1999411,
      "Plan Width": 12,
      "Actual Startup Time": 103.039,
      "Actual Total Time": 313.944,
      "Actual Rows": 1999499,
      "Actual Loops": 1,
      "Output": [
        "r.a",
        "r.b",
        "s.c"
      ],
      "Inner Unique": false,
      "Merge Cond": "((t.c = s.c) AND (t.a = r.a))",
      "Shared Hit Blocks": 191,
      "Shared Read Blocks": 0,
      "Shared Dirtied Blocks": 0,
      "Shared Written Blocks": 0,
      "Local Hit Blocks": 0,
      "Local Read Blocks": 0,
      "Local Dirtied Blocks": 0,
      "Local Written Blocks": 0,
      "Temp Read Blocks": 1103,
      "Temp Written Blocks": 1109,
      "WAL Records": 0,
      "WAL FPI": 0,
      "WAL Bytes": 0,
      "Plans": [
        {
          "Node Type": "Sort",
          "Parent Relationship": "Outer",
          "Parallel Aware": false,
          "Async Capable": false,
          "Startup Cost": 1717.77,
          "Total Cost": 1767.77,
          "Plan Rows": 20000,
          "Plan Width": 8,
          "Actual Startup Time": 3.827,
          "Actual Total Time": 4.767,
          "Actual Rows": 10248,
          "Actual Loops": 1,
          "Output": [
            "t.a",
            "t.c"
          ],
          "Sort Key": [
            "t.c",
            "t.a"
          ],
          "Sort Method": "quicksort",
          "Sort Space Used": 1394,
          "Sort Space Type": "Memory",
          "Shared Hit Blocks": 93,
          "Shared Read Blocks": 0,
          "Shared Dirtied Blocks": 0,
          "Shared Written Blocks": 0,
          "Local Hit Blocks": 0,
          "Local Read Blocks": 0,
          "Local Dirtied Blocks": 0,
          "Local Written Blocks": 0,
          "Temp Read Blocks": 0,
          "Temp Written Blocks": 0,
          "WAL Records": 0,
          "WAL FPI": 0,
          "WAL Bytes": 0,
          "Plans": [
            {
              "Node Type": "Seq Scan",
              "Parent Relationship": "Outer",
              "Parallel Aware": false,
              "Async Capable": false,
              "Relation Name": "t",
              "Schema": "public",
              "Alias": "t",
              "Startup Cost": 0.0,
              "Total Cost": 289.0,
              "Plan Rows": 20000,
              "Plan Width": 8,
              "Actual Startup Time": 0.005,
              "Actual Total Time": 0.636,
              "Actual Rows": 20000,
              "Actual Loops": 1,
              "Output": [
                "t.a",
                "t.c"
              ],
              "Shared Hit Blocks": 89,
              "Shared Read Blocks": 0,
              "Shared Dirtied Blocks": 0,
              "Shared Written Blocks": 0,
              "Local Hit Blocks": 0,
              "Local Read Blocks": 0,
              "Local Dirtied Blocks": 0,
              "Local Written Blocks": 0,
              "Temp Read Blocks": 0,
              "Temp Written Blocks": 0,
              "WAL Records": 0,
              "WAL FPI": 0,
              "WAL Bytes": 0
            }
          ]
        },
        {
          "Node Type": "Materialize",
          "Parent Relationship": "Inner",
          "Parallel Aware": false,
          "Async Capable": false,
          "Startup Cost": 50284.88,
          "Total Cost": 52324.56,
          "Plan Rows": 407936,
          "Plan Width": 12,
          "Actual Startup Time": 99.207,
          "Actual Total Time": 182.79,
          "Actual Rows": 2201013,
          "Actual Loops": 1,
          "Output": [
            "r.a",
            "r.b",
            "s.c"
          ],
          "Shared Hit Blocks": 98,
          "Shared Read Blocks": 0,
          "Shared Dirtied Blocks": 0,
          "Shared Written Blocks": 0,
          "Local Hit Blocks": 0,
          "Local Read Blocks": 0,
          "Local Dirtied Blocks": 0,
          "Local Written Blocks": 0,
          "Temp Read Blocks": 1103,
          "Temp Written Blocks": 1109,
          "WAL Records": 0,
          "WAL FPI": 0,
          "WAL Bytes": 0,
          "Plans": [
            {
              "Node Type": "Sort",
              "Parent Relationship": "Outer",
              "Parallel Aware": false,
              "Async Capable": false,
              "Startup Cost": 50284.88,
              "Total Cost": 51304.72,
              "Plan Rows": 407936,
              "Plan Width": 12,
              "Actual Startup Time": 99.192,
              "Actual Total Time": 122.576,
              "Actual Rows": 407936,
              "Actual Loops": 1,
              "Output": [
                "r.a",
                "r.b",
                "s.c"
              ],
              "Sort Key": [
                "s.c",
                "r.a"
              ],
              "Sort Method": "external merge",
              "Sort Space Used": 8824,
              "Sort Space Type": "Disk",
              "Shared Hit Blocks": 98,
              "Shared Read Blocks": 0,
              "Shared Dirtied Blocks": 0,
              "Shared Written Blocks": 0,
              "Local Hit Blocks": 0,
              "Local Read Blocks": 0,
              "Local Dirtied Blocks": 0,
              "Local Written Blocks": 0,
              "Temp Read Blocks": 1103,
              "Temp Written Blocks": 1109,
              "WAL Records": 0,
              "WAL FPI": 0,
              "WAL Bytes": 0,
              "Plans": [
                {
                  "Node Type": "Hash Join",
                  "Parent Relationship": "Outer",
                  "Parallel Aware": false,
                  "Async Capable": false,
                  "Join Type": "Inner",
                  "Startup Cost": 54.0,
                  "Total Cost": 5297.36,
                  "Plan Rows": 407936,
                  "Plan Width": 12,
                  "Actual Startup Time": 0.25,
                  "Actual Total Time": 20.627,
                  "Actual Rows": 407936,
                  "Actual Loops": 1,
                  "Output": [
                    "r.a",
                    "r.b",
                    "s.c"
                  ],
                  "Inner Unique": false,
                  "Hash Cond": "(r.b = s.b)",
                  "Shared Hit Blocks": 98,
                  "Shared Read Blocks": 0,
                  "Shared Dirtied Blocks": 0,
                  "Shared Written Blocks": 0,
                  "Local Hit Blocks": 0,
                  "Local Read Blocks": 0,
                  "Local Dirtied Blocks": 0,
                  "Local Written Blocks": 0,
                  "Temp Read Blocks": 0,
                  "Temp Written Blocks": 0,
                  "WAL Records": 0,
                  "WAL FPI": 0,
                  "WAL Bytes": 0,
                  "Plans": [
                    {
                      "Node Type": "Seq Scan",
                      "Parent Relationship": "Outer",
                      "Parallel Aware": false,
                      "Async Capable": false,
                      "Relation Name": "r",
                      "Schema": "public",
                      "Alias": "r",
                      "Startup Cost": 0.0,
                      "Total Cost": 289.0,
                      "Plan Rows": 20000,
                      "Plan Width": 8,
                      "Actual Startup Time": 0.019,
                      "Actual Total Time": 0.762,
                      "Actual Rows": 20000,
                      "Actual Loops": 1,
                      "Output": [
                        "r.a",
                        "r.b"
                      ],
                      "Shared Hit Blocks": 89,
                      "Shared Read Blocks": 0,
                      "Shared Dirtied Blocks": 0,
                      "Shared Written Blocks": 0,
                      "Local Hit Blocks": 0,
                      "Local Read Blocks": 0,
                      "Local Dirtied Blocks": 0,
                      "Local Written Blocks": 0,
                      "Temp Read Blocks": 0,
                      "Temp Written Blocks": 0,
                      "WAL Records": 0,
                      "WAL FPI": 0,
                      "WAL Bytes": 0
                    },
                    {
                      "Node Type": "Hash",
                      "Parent Relationship": "Inner",
                      "Parallel Aware": false,
                      "Async Capable": false,
                      "Startup Cost": 29.0,
                      "Total Cost": 29.0,
                      "Plan Rows": 2000,
                      "Plan Width": 8,
                      "Actual Startup Time": 0.223,
                      "Actual Total Time": 0.224,
                      "Actual Rows": 2000,
                      "Actual Loops": 1,
                      "Output": [
                        "s.c",
                        "s.b"
                      ],
                      "Hash Buckets": 2048,
                      "Original Hash Buckets": 2048,
                      "Hash Batches": 1,
                      "Original Hash Batches": 1,
                      "Peak Memory Usage": 95,
                      "Shared Hit Blocks": 9,
                      "Shared Read Blocks": 0,
                      "Shared Dirtied Blocks": 0,
                      "Shared Written Blocks": 0,
                      "Local Hit Blocks": 0,
                      "Local Read Blocks": 0,
                      "Local Dirtied Blocks": 0,
                      "Local Written Blocks": 0,
                      "Temp Read Blocks": 0,
                      "Temp Written Blocks": 0,
                      "WAL Records": 0,
                      "WAL FPI": 0,
                      "WAL Bytes": 0,
                      "Plans": [
                        {
                          "Node Type": "Seq Scan",
                          "Parent Relationship": "Outer",
                          "Parallel Aware": false,
                          "Async Capable": false,
                          "Relation Name": "s",
                          "Schema": "public",
                          "Alias": "s",
                          "Startup Cost": 0.0,
                          "Total Cost": 29.0,
                          "Plan Rows": 2000,
                          "Plan Width": 8,
                          "Actual Startup Time": 0.004,
                          "Actual Total Time": 0.103,
                          "Actual Rows": 2000,
                          "Actual Loops": 1,
                          "Output": [
                            "s.c",
                            "s.b"
                          ],
                          "Shared Hit Blocks": 9,
                          "Shared Read Blocks": 0,
                          "Shared Dirtied Blocks": 0,
                          "Shared Written Blocks": 0,
                          "Local Hit Blocks": 0,
                          "Local Read Blocks": 0,
                          "Local Dirtied Blocks": 0,
                          "Local Written Blocks": 0,
                          "Temp Read Blocks": 0,
                          "Temp Written Blocks": 0,
                          "WAL Records": 0,
                          "WAL FPI": 0,
                          "WAL Bytes": 0
                        }
                      ]
                    }
                  ]
                }
              ]
            }
          ]
        }
      ]
    },
    "Settings": {},
    "Planning": {
      "Shared Hit Blocks": 130,
      "Shared Read Blocks": 0,
      "Shared Dirtied Blocks": 0,
      "Shared Written Blocks": 0,
      "Local Hit Blocks": 0,
      "Local Read Blocks": 0,
      "Local Dirtied Blocks": 0,
      "Local Written Blocks": 0,
      "Temp Read Blocks": 0,
      "Temp Written Blocks": 0
    },
    "Planning Time": 0.277,
    "Triggers": [],
    "Execution Time": 355.985
  }
]